2022-05-28 00:42:41 WARN  [HikariPool-1 housekeeper] com.zaxxer.hikari.pool.HikariPool - [HikariPool.java : 788] - HikariPool-1 - Thread starvation or clock leap detected (housekeeper delta=1h30s143ms).
2022-05-28 02:30:49 WARN  [HikariPool-1 housekeeper] com.zaxxer.hikari.pool.HikariPool - [HikariPool.java : 788] - HikariPool-1 - Thread starvation or clock leap detected (housekeeper delta=1h46m37s990ms).
2022-05-28 02:31:19 WARN  [HikariPool-1 housekeeper] com.zaxxer.hikari.pool.HikariPool - [HikariPool.java : 780] - HikariPool-1 - Retrograde clock change detected (housekeeper delta=29s639ms), soft-evicting connections from pool.
2022-05-28 04:19:07 WARN  [HikariPool-1 housekeeper] com.zaxxer.hikari.pool.HikariPool - [HikariPool.java : 788] - HikariPool-1 - Thread starvation or clock leap detected (housekeeper delta=1h47m47s983ms).
2022-05-28 06:07:25 WARN  [HikariPool-1 housekeeper] com.zaxxer.hikari.pool.HikariPool - [HikariPool.java : 788] - HikariPool-1 - Thread starvation or clock leap detected (housekeeper delta=1h47m47s905ms).
2022-05-28 07:55:14 WARN  [HikariPool-1 housekeeper] com.zaxxer.hikari.pool.HikariPool - [HikariPool.java : 788] - HikariPool-1 - Thread starvation or clock leap detected (housekeeper delta=1h47m49s561ms).
2022-05-28 09:43:33 WARN  [HikariPool-1 housekeeper] com.zaxxer.hikari.pool.HikariPool - [HikariPool.java : 788] - HikariPool-1 - Thread starvation or clock leap detected (housekeeper delta=1h47m48s95ms).
2022-05-28 10:34:24 WARN  [HikariPool-1 housekeeper] com.zaxxer.hikari.pool.HikariPool - [HikariPool.java : 788] - HikariPool-1 - Thread starvation or clock leap detected (housekeeper delta=50m21s296ms).
2022-05-28 11:37:04 WARN  [HikariPool-1 housekeeper] com.zaxxer.hikari.pool.HikariPool - [HikariPool.java : 788] - HikariPool-1 - Thread starvation or clock leap detected (housekeeper delta=1h2m9s655ms).
2022-05-28 12:04:03 WARN  [HikariPool-1 housekeeper] com.zaxxer.hikari.pool.HikariPool - [HikariPool.java : 788] - HikariPool-1 - Thread starvation or clock leap detected (housekeeper delta=26m59s791ms).
2022-05-28 12:45:07 WARN  [HikariPool-1 housekeeper] com.zaxxer.hikari.pool.HikariPool - [HikariPool.java : 788] - HikariPool-1 - Thread starvation or clock leap detected (housekeeper delta=1m3s805ms).
2022-05-28 13:57:12 WARN  [HikariPool-1 housekeeper] com.zaxxer.hikari.pool.HikariPool - [HikariPool.java : 788] - HikariPool-1 - Thread starvation or clock leap detected (housekeeper delta=1h12m5s164ms).
2022-05-28 15:45:31 WARN  [HikariPool-1 housekeeper] com.zaxxer.hikari.pool.HikariPool - [HikariPool.java : 788] - HikariPool-1 - Thread starvation or clock leap detected (housekeeper delta=1h47m48s114ms).
2022-05-28 15:56:28 WARN  [HikariPool-1 housekeeper] com.zaxxer.hikari.pool.HikariPool - [HikariPool.java : 788] - HikariPool-1 - Thread starvation or clock leap detected (housekeeper delta=10m27s537ms).
2022-05-28 15:58:27 WARN  [HikariPool-1 housekeeper] com.zaxxer.hikari.pool.HikariPool - [HikariPool.java : 788] - HikariPool-1 - Thread starvation or clock leap detected (housekeeper delta=1m28s798ms).
2022-05-28 15:59:56 WARN  [HikariPool-1 housekeeper] com.zaxxer.hikari.pool.HikariPool - [HikariPool.java : 788] - HikariPool-1 - Thread starvation or clock leap detected (housekeeper delta=1m28s931ms).
2022-05-28 16:01:56 WARN  [HikariPool-1 housekeeper] com.zaxxer.hikari.pool.HikariPool - [HikariPool.java : 788] - HikariPool-1 - Thread starvation or clock leap detected (housekeeper delta=1m29s960ms).
2022-05-28 16:03:55 WARN  [HikariPool-1 housekeeper] com.zaxxer.hikari.pool.HikariPool - [HikariPool.java : 788] - HikariPool-1 - Thread starvation or clock leap detected (housekeeper delta=1m28s936ms).
2022-05-28 16:05:25 WARN  [HikariPool-1 housekeeper] com.zaxxer.hikari.pool.HikariPool - [HikariPool.java : 788] - HikariPool-1 - Thread starvation or clock leap detected (housekeeper delta=1m29s967ms).
2022-05-28 16:07:25 WARN  [HikariPool-1 housekeeper] com.zaxxer.hikari.pool.HikariPool - [HikariPool.java : 788] - HikariPool-1 - Thread starvation or clock leap detected (housekeeper delta=1m29s889ms).
2022-05-28 17:05:43 WARN  [HikariPool-1 housekeeper] com.zaxxer.hikari.pool.HikariPool - [HikariPool.java : 788] - HikariPool-1 - Thread starvation or clock leap detected (housekeeper delta=57m48s857ms).
2022-05-28 18:25:34 WARN  [HikariPool-1 housekeeper] com.zaxxer.hikari.pool.HikariPool - [HikariPool.java : 788] - HikariPool-1 - Thread starvation or clock leap detected (housekeeper delta=1h19m20s444ms).
2022-05-28 19:17:12 WARN  [HikariPool-1 housekeeper] com.zaxxer.hikari.pool.HikariPool - [HikariPool.java : 788] - HikariPool-1 - Thread starvation or clock leap detected (housekeeper delta=37m36s158ms).
2022-05-28 19:57:35 INFO  [SpringApplicationShutdownHook] o.s.i.endpoint.EventDrivenConsumer - [LogAccessor.java : 174] - Removing {logging-channel-adapter:_org.springframework.integration.errorLogger} as a subscriber to the 'errorChannel' channel
2022-05-28 19:57:35 INFO  [SpringApplicationShutdownHook] o.s.i.c.PublishSubscribeChannel - [LogAccessor.java : 174] - Channel 'application.errorChannel' has 0 subscriber(s).
2022-05-28 19:57:35 INFO  [SpringApplicationShutdownHook] o.s.i.endpoint.EventDrivenConsumer - [LogAccessor.java : 292] - stopped bean '_org.springframework.integration.errorLogger'
2022-05-28 19:57:35 INFO  [SpringApplicationShutdownHook] o.s.o.j.LocalContainerEntityManagerFactoryBean - [AbstractEntityManagerFactoryBean.java : 651] - Closing JPA EntityManagerFactory for persistence unit 'default'
2022-05-28 19:57:35 INFO  [SpringApplicationShutdownHook] o.h.t.s.i.SchemaDropperImpl$DelayedDropActionImpl - [SchemaDropperImpl.java : 526] - HHH000477: Starting delayed evictData of schema as part of SessionFactory shut-down'
2022-05-28 19:57:35 WARN  [SpringApplicationShutdownHook] o.s.b.f.s.DisposableBeanAdapter - [DisposableBeanAdapter.java : 221] - Invocation of destroy method failed on bean with name 'inMemoryDatabaseShutdownExecutor': org.h2.jdbc.JdbcSQLNonTransientConnectionException: Database is already closed (to disable automatic closing at VM shutdown, add ";DB_CLOSE_ON_EXIT=FALSE" to the db URL) [90121-200]
2022-05-28 19:57:35 INFO  [SpringApplicationShutdownHook] com.zaxxer.hikari.HikariDataSource - [HikariDataSource.java : 350] - HikariPool-1 - Shutdown initiated...
2022-05-28 19:57:35 INFO  [SpringApplicationShutdownHook] com.zaxxer.hikari.HikariDataSource - [HikariDataSource.java : 352] - HikariPool-1 - Shutdown completed.
